This is pdfTeX, Version 3.1415926-2.3-1.40.12 (TeX Live 2011/MacPorts 2011_5) (format=pdflatex 2012.1.10)  17 MAY 2012 03:25
entering extended mode
 restricted \write18 enabled.
 %&-line parsing enabled.
**informe.tex
(./informe.tex
LaTeX2e <2009/09/24>
Babel <v3.8l> and hyphenation patterns for english, dumylang, nohyphenation, cz
ech, slovak, dutch, ukenglish, usenglishmax, basque, french, german-x-2009-06-1
9, ngerman-x-2009-06-19, german, ngerman, swissgerman, italian, polish, portugu
ese, spanish, catalan, galician, loaded.
(/opt/local/share/texmf-texlive-dist/tex/latex/base/article.cls
Document Class: article 2007/10/19 v1.4h Standard LaTeX document class
(/opt/local/share/texmf-texlive-dist/tex/latex/base/size10.clo
File: size10.clo 2007/10/19 v1.4h Standard LaTeX file (size option)
)
\c@part=\count79
\c@section=\count80
\c@subsection=\count81
\c@subsubsection=\count82
\c@paragraph=\count83
\c@subparagraph=\count84
\c@figure=\count85
\c@table=\count86
\abovecaptionskip=\skip41
\belowcaptionskip=\skip42
\bibindent=\dimen102
)
(/opt/local/share/texmf-texlive-dist/tex/latex/graphics/graphicx.sty
Package: graphicx 1999/02/16 v1.0f Enhanced LaTeX Graphics (DPC,SPQR)

(/opt/local/share/texmf-texlive-dist/tex/latex/graphics/keyval.sty
Package: keyval 1999/03/16 v1.13 key=value parser (DPC)
\KV@toks@=\toks14
)
(/opt/local/share/texmf-texlive-dist/tex/latex/graphics/graphics.sty
Package: graphics 2009/02/05 v1.0o Standard LaTeX Graphics (DPC,SPQR)

(/opt/local/share/texmf-texlive-dist/tex/latex/graphics/trig.sty
Package: trig 1999/03/16 v1.09 sin cos tan (DPC)
)
(/opt/local/share/texmf-texlive-dist/tex/latex/latexconfig/graphics.cfg
File: graphics.cfg 2010/04/23 v1.9 graphics configuration of TeX Live
)
Package graphics Info: Driver file: pdftex.def on input line 91.

(/opt/local/share/texmf-texlive-dist/tex/latex/pdftex-def/pdftex.def
File: pdftex.def 2011/05/27 v0.06d Graphics/color for pdfTeX

(/opt/local/share/texmf-texlive-dist/tex/generic/oberdiek/infwarerr.sty
Package: infwarerr 2010/04/08 v1.3 Providing info/warning/message (HO)
)
(/opt/local/share/texmf-texlive-dist/tex/generic/oberdiek/ltxcmds.sty
Package: ltxcmds 2011/04/18 v1.20 LaTeX kernel commands for general use (HO)
)
\Gread@gobject=\count87
))
\Gin@req@height=\dimen103
\Gin@req@width=\dimen104
)
(/opt/local/share/texmf-texlive-dist/tex/latex/amsmath/amsmath.sty
Package: amsmath 2000/07/18 v2.13 AMS math features
\@mathmargin=\skip43

For additional information on amsmath, use the `?' option.
(/opt/local/share/texmf-texlive-dist/tex/latex/amsmath/amstext.sty
Package: amstext 2000/06/29 v2.01

(/opt/local/share/texmf-texlive-dist/tex/latex/amsmath/amsgen.sty
File: amsgen.sty 1999/11/30 v2.0
\@emptytoks=\toks15
\ex@=\dimen105
))
(/opt/local/share/texmf-texlive-dist/tex/latex/amsmath/amsbsy.sty
Package: amsbsy 1999/11/29 v1.2d
\pmbraise@=\dimen106
)
(/opt/local/share/texmf-texlive-dist/tex/latex/amsmath/amsopn.sty
Package: amsopn 1999/12/14 v2.01 operator names
)
\inf@bad=\count88
LaTeX Info: Redefining \frac on input line 211.
\uproot@=\count89
\leftroot@=\count90
LaTeX Info: Redefining \overline on input line 307.
\classnum@=\count91
\DOTSCASE@=\count92
LaTeX Info: Redefining \ldots on input line 379.
LaTeX Info: Redefining \dots on input line 382.
LaTeX Info: Redefining \cdots on input line 467.
\Mathstrutbox@=\box26
\strutbox@=\box27
\big@size=\dimen107
LaTeX Font Info:    Redeclaring font encoding OML on input line 567.
LaTeX Font Info:    Redeclaring font encoding OMS on input line 568.
\macc@depth=\count93
\c@MaxMatrixCols=\count94
\dotsspace@=\muskip10
\c@parentequation=\count95
\dspbrk@lvl=\count96
\tag@help=\toks16
\row@=\count97
\column@=\count98
\maxfields@=\count99
\andhelp@=\toks17
\eqnshift@=\dimen108
\alignsep@=\dimen109
\tagshift@=\dimen110
\tagwidth@=\dimen111
\totwidth@=\dimen112
\lineht@=\dimen113
\@envbody=\toks18
\multlinegap=\skip44
\multlinetaggap=\skip45
\mathdisplay@stack=\toks19
LaTeX Info: Redefining \[ on input line 2666.
LaTeX Info: Redefining \] on input line 2667.
)
(/opt/local/share/texmf-texlive-dist/tex/latex/base/inputenc.sty
Package: inputenc 2008/03/30 v1.1d Input encoding file
\inpenc@prehook=\toks20
\inpenc@posthook=\toks21

(/opt/local/share/texmf-texlive-dist/tex/latex/base/latin1.def
File: latin1.def 2008/03/30 v1.1d Input encoding file
))
(/opt/local/share/texmf-texlive-dist/tex/generic/babel/babel.sty
Package: babel 2008/07/06 v3.8l The Babel package

(/opt/local/share/texmf-texlive-dist/tex/generic/babel/spanish.ldf
Language: spanish.ldf 2009/01/02 v5.0h Spanish support from the babel system

(/opt/local/share/texmf-texlive-dist/tex/generic/babel/babel.def
File: babel.def 2008/07/06 v3.8l Babel common definitions
\babel@savecnt=\count100
\U@D=\dimen114
)
\es@datefmt=\count101
\es@quottoks=\toks22
\es@quotdepth=\count102
Package babel Info: Making " an active character on input line 492.
Package babel Info: Making . an active character on input line 585.
Package babel Info: Making < an active character on input line 630.
Package babel Info: Making > an active character on input line 630.
))
(./informe.aux)
\openout1 = `informe.aux'.

LaTeX Font Info:    Checking defaults for OML/cmm/m/it on input line 25.
LaTeX Font Info:    ... okay on input line 25.
LaTeX Font Info:    Checking defaults for T1/cmr/m/n on input line 25.
LaTeX Font Info:    ... okay on input line 25.
LaTeX Font Info:    Checking defaults for OT1/cmr/m/n on input line 25.
LaTeX Font Info:    ... okay on input line 25.
LaTeX Font Info:    Checking defaults for OMS/cmsy/m/n on input line 25.
LaTeX Font Info:    ... okay on input line 25.
LaTeX Font Info:    Checking defaults for OMX/cmex/m/n on input line 25.
LaTeX Font Info:    ... okay on input line 25.
LaTeX Font Info:    Checking defaults for U/cmr/m/n on input line 25.
LaTeX Font Info:    ... okay on input line 25.

(/opt/local/share/texmf-texlive-dist/tex/context/base/supp-pdf.mkii
[Loading MPS to PDF converter (version 2006.09.02).]
\scratchcounter=\count103
\scratchdimen=\dimen115
\scratchbox=\box28
\nofMPsegments=\count104
\nofMParguments=\count105
\everyMPshowfont=\toks23
\MPscratchCnt=\count106
\MPscratchDim=\dimen116
\MPnumerator=\count107
\makeMPintoPDFobject=\count108
\everyMPtoPDFconversion=\toks24
) (/opt/local/share/texmf-texlive-dist/tex/generic/oberdiek/pdftexcmds.sty
Package: pdftexcmds 2011/04/22 v0.16 Utilities of pdfTeX for LuaTeX (HO)

(/opt/local/share/texmf-texlive-dist/tex/generic/oberdiek/ifluatex.sty
Package: ifluatex 2010/03/01 v1.3 Provides the ifluatex switch (HO)
Package ifluatex Info: LuaTeX not detected.
)
(/opt/local/share/texmf-texlive-dist/tex/generic/oberdiek/ifpdf.sty
Package: ifpdf 2011/01/30 v2.3 Provides the ifpdf switch (HO)
Package ifpdf Info: pdfTeX in PDF mode is detected.
)
Package pdftexcmds Info: LuaTeX not detected.
Package pdftexcmds Info: \pdf@primitive is available.
Package pdftexcmds Info: \pdf@ifprimitive is available.
Package pdftexcmds Info: \pdfdraftmode found.
)
(/opt/local/share/texmf-texlive-dist/tex/latex/oberdiek/epstopdf-base.sty
Package: epstopdf-base 2010/02/09 v2.5 Base part for package epstopdf

(/opt/local/share/texmf-texlive-dist/tex/latex/oberdiek/grfext.sty
Package: grfext 2010/08/19 v1.1 Managing graphics extensions (HO)

(/opt/local/share/texmf-texlive-dist/tex/generic/oberdiek/kvdefinekeys.sty
Package: kvdefinekeys 2011/04/07 v1.3 Defining keys (HO)
))
(/opt/local/share/texmf-texlive-dist/tex/latex/oberdiek/kvoptions.sty
Package: kvoptions 2010/12/23 v3.10 Keyval support for LaTeX options (HO)

(/opt/local/share/texmf-texlive-dist/tex/generic/oberdiek/kvsetkeys.sty
Package: kvsetkeys 2011/04/07 v1.13 Key value parser (HO)

(/opt/local/share/texmf-texlive-dist/tex/generic/oberdiek/etexcmds.sty
Package: etexcmds 2011/02/16 v1.5 Prefix for e-TeX command names (HO)
Package etexcmds Info: Could not find \expanded.
(etexcmds)             That can mean that you are not using pdfTeX 1.50 or
(etexcmds)             that some package has redefined \expanded.
(etexcmds)             In the latter case, load this package earlier.
)))
Package grfext Info: Graphics extension search list:
(grfext)             [.png,.pdf,.jpg,.mps,.jpeg,.jbig2,.jb2,.PNG,.PDF,.JPG,.JPE
G,.JBIG2,.JB2,.eps]
(grfext)             \AppendGraphicsExtensions on input line 452.

(/opt/local/share/texmf-texlive-dist/tex/latex/latexconfig/epstopdf-sys.cfg
File: epstopdf-sys.cfg 2010/07/13 v1.3 Configuration of (r)epstopdf for TeX Liv
e
))
[1

{/opt/local/var/db/texmf/fonts/map/pdftex/updmap/pdftex.map}]
Underfull \hbox (badness 10000) in paragraph at lines 37--39

 []

[2]
Underfull \hbox (badness 10000) in paragraph at lines 67--87

 []


Overfull \hbox (39.61179pt too wide) in paragraph at lines 67--87
[] 
 []


Underfull \hbox (badness 10000) in paragraph at lines 67--87

 []


Underfull \hbox (badness 10000) in paragraph at lines 67--87

 []


Underfull \hbox (badness 10000) in paragraph at lines 67--87

 []


Underfull \hbox (badness 10000) in paragraph at lines 67--87

 []


Underfull \hbox (badness 10000) in paragraph at lines 67--87

 []

[3]
Underfull \hbox (badness 10000) in paragraph at lines 98--106

 []


Underfull \hbox (badness 10000) in paragraph at lines 98--106

 []


Underfull \hbox (badness 10000) in paragraph at lines 98--106

 []


Overfull \hbox (17.24684pt too wide) in paragraph at lines 127--127
[]\OT1/cmtt/m/n/10 $ gcc -Wall -o tp1 tp1.S manejoes.S sort.S mymemory.S mymall
oc.S io.S[] 
 []


Underfull \hbox (badness 10000) in paragraph at lines 132--134

 []

[4]
Underfull \hbox (badness 10000) in paragraph at lines 152--154

 []

[5] <stack_main.png, id=32, 540.0175pt x 499.8675pt>
File: stack_main.png Graphic file (type png)
 <use stack_main.png>
Package pdftex.def Info: stack_main.png used on input line 161.
(pdftex.def)             Requested size: 270.00809pt x 249.93314pt.

[6 <./stack_main.png>] <stack_mergeSort.png, id=36, 560.0925pt x 556.0775pt>
File: stack_mergeSort.png Graphic file (type png)

<use stack_mergeSort.png>
Package pdftex.def Info: stack_mergeSort.png used on input line 170.
(pdftex.def)             Requested size: 280.04556pt x 278.03807pt.
 [7 <./stack_mergeSort.png>]
<stack_procesarEntrada.png, id=41, 603.25375pt x 461.725pt>
File: stack_procesarEntrada.png Graphic file (type png)

<use stack_procesarEntrada.png>
Package pdftex.def Info: stack_procesarEntrada.png used on input line 179.
(pdftex.def)             Requested size: 301.62613pt x 230.86194pt.

<stack_imprimirSalida.png, id=42, 551.05875pt x 396.48125pt>
File: stack_imprimirSalida.png Graphic file (type png)

<use stack_imprimirSalida.png>
Package pdftex.def Info: stack_imprimirSalida.png used on input line 186.
(pdftex.def)             Requested size: 275.52869pt x 198.24013pt.
 [8 <./stack_procesarEntrada.png> <./stack_imprimirSalida.png>] <stack_myreallo
c.png, id=46, 563.10374pt x 445.665pt>
File: stack_myrealloc.png Graphic file (type png)

<use stack_myrealloc.png>
Package pdftex.def Info: stack_myrealloc.png used on input line 220.
(pdftex.def)             Requested size: 281.55118pt x 222.83195pt.
 [9 <./stack_myrealloc.png>]
<stack_mymemcpy.png, id=50, 573.14125pt x 299.1175pt>
File: stack_mymemcpy.png Graphic file (type png)
 <use stack_mymemcpy.png>
Package pdftex.def Info: stack_mymemcpy.png used on input line 247.
(pdftex.def)             Requested size: 286.56992pt x 149.55838pt.

[10 <./stack_mymemcpy.png>]
Underfull \hbox (badness 10000) in paragraph at lines 253--256

 []

<1.png, id=54, 646.415pt x 148.555pt>
File: 1.png Graphic file (type png)
 <use 1.png>
Package pdftex.def Info: 1.png used on input line 257.
(pdftex.def)             Requested size: 387.85199pt x 89.13368pt.

Overfull \hbox (42.85199pt too wide) in paragraph at lines 257--258
 [] 
 []

<2.png, id=55, 662.475pt x 145.54375pt>
File: 2.png Graphic file (type png)
 <use 2.png>
Package pdftex.def Info: 2.png used on input line 262.
(pdftex.def)             Requested size: 397.48807pt x 87.3269pt.

Overfull \hbox (52.48807pt too wide) in paragraph at lines 262--263
 [] 
 []

<3.png, id=56, 671.50874pt x 262.9825pt>
File: 3.png Graphic file (type png)
 <use 3.png>
Package pdftex.def Info: 3.png used on input line 266.
(pdftex.def)             Requested size: 402.90836pt x 157.7907pt.

Overfull \hbox (57.90836pt too wide) in paragraph at lines 266--267
 [] 
 []

[11 <./1.png> <./2.png> <./3.png>]
Underfull \hbox (badness 10000) in paragraph at lines 270--271

 []

<4.png, id=60, 663.47874pt x 155.58125pt>
File: 4.png Graphic file (type png)
 <use 4.png>
Package pdftex.def Info: 4.png used on input line 272.
(pdftex.def)             Requested size: 398.0903pt x 93.34946pt.

Overfull \hbox (53.0903pt too wide) in paragraph at lines 272--273
 [] 
 []

[12 <./4.png>] [13]
Underfull \hbox (badness 10000) in paragraph at lines 283--284

 []


Underfull \hbox (badness 10000) in paragraph at lines 285--286

 []


Underfull \hbox (badness 10000) in paragraph at lines 287--288

 []

[14]
Underfull \hbox (badness 10000) in paragraph at lines 296--297
[]\OT1/cmr/m/n/10 Kernighan, Brian W. / Rit-chie, Den-nis M.
 []


Underfull \hbox (badness 1484) in paragraph at lines 296--297
[]$\OT1/cmr/m/n/10 . Se-gun-da Edi-ci^^Son, PRENTICE-HALL
 []


Overfull \hbox (78.13962pt too wide) in paragraph at lines 298--299
[]\OT1/cmr/m/n/10 Patterson / Hen-nesy. $[]$.
 []


Underfull \hbox (badness 5175) in paragraph at lines 308--309
[]\OT1/cmr/m/n/10 Oetiker, To-bias, "The Not So Short In-tro-duc-tion To La-TeX
2",
 []

[15] (./informe.aux) ) 
Here is how much of TeX's memory you used:
 2787 strings out of 494770
 37154 string characters out of 3171573
 104221 words of memory out of 3000000
 5966 multiletter control sequences out of 15000+200000
 11839 words of font info for 43 fonts, out of 3000000 for 9000
 134 hyphenation exceptions out of 8191
 38i,9n,27p,1180b,272s stack positions out of 5000i,500n,10000p,200000b,50000s
</opt/local/share/texmf-texlive-dist/fonts/type1/public/a
msfonts/cm/cmbx10.pfb></opt/local/share/texmf-texlive-dist/fonts/type1/public/a
msfonts/cm/cmbx12.pfb></opt/local/share/texmf-texlive-dist/fonts/type1/public/a
msfonts/cm/cmbx9.pfb></opt/local/share/texmf-texlive-dist/fonts/type1/public/am
sfonts/cm/cmbxti10.pfb></opt/local/share/texmf-texlive-dist/fonts/type1/public/
amsfonts/cm/cmr10.pfb></opt/local/share/texmf-texlive-dist/fonts/type1/public/a
msfonts/cm/cmr12.pfb></opt/local/share/texmf-texlive-dist/fonts/type1/public/am
sfonts/cm/cmr7.pfb></opt/local/share/texmf-texlive-dist/fonts/type1/public/amsf
onts/cm/cmr9.pfb></opt/local/share/texmf-texlive-dist/fonts/type1/public/amsfon
ts/cm/cmsy10.pfb></opt/local/share/texmf-texlive-dist/fonts/type1/public/amsfon
ts/cm/cmti10.pfb></opt/local/share/texmf-texlive-dist/fonts/type1/public/amsfon
ts/cm/cmti12.pfb></opt/local/share/texmf-texlive-dist/fonts/type1/public/amsfon
ts/cm/cmti9.pfb></opt/local/share/texmf-texlive-dist/fonts/type1/public/amsfont
s/cm/cmtt10.pfb></opt/local/share/texmf-texlive-dist/fonts/type1/public/amsfont
s/cm/cmtt12.pfb></opt/local/share/texmf-texlive-dist/fonts/type1/public/amsfont
s/cm/cmtt8.pfb>
Output written on informe.pdf (15 pages, 416978 bytes).
PDF statistics:
 123 PDF objects out of 1000 (max. 8388607)
 80 compressed objects within 1 object stream
 0 named destinations out of 1000 (max. 500000)
 51 words of extra memory for PDF output out of 10000 (max. 10000000)

