This is pdfTeX, Version 3.1415926-1.40.10 (TeX Live 2009/Debian) (format=pdflatex 2011.8.8)  15 APR 2012 23:51
entering extended mode
 %&-line parsing enabled.
**informe.tex
(./informe.tex
LaTeX2e <2009/09/24>
Babel <v3.8l> and hyphenation patterns for english, usenglishmax, dumylang, noh
yphenation, french, basque, romanian, irish, coptic, serbian, turkish, welsh, e
speranto, uppersorbian, estonian, indonesian, interlingua, icelandic, kurmanji,
 slovenian, spanish, galician, catalan, loaded.
(/usr/share/texmf-texlive/tex/latex/base/article.cls
Document Class: article 2007/10/19 v1.4h Standard LaTeX document class
(/usr/share/texmf-texlive/tex/latex/base/size10.clo
File: size10.clo 2007/10/19 v1.4h Standard LaTeX file (size option)
)
\c@part=\count79
\c@section=\count80
\c@subsection=\count81
\c@subsubsection=\count82
\c@paragraph=\count83
\c@subparagraph=\count84
\c@figure=\count85
\c@table=\count86
\abovecaptionskip=\skip41
\belowcaptionskip=\skip42
\bibindent=\dimen102
)
(/usr/share/texmf-texlive/tex/latex/graphics/graphicx.sty
Package: graphicx 1999/02/16 v1.0f Enhanced LaTeX Graphics (DPC,SPQR)

(/usr/share/texmf-texlive/tex/latex/graphics/keyval.sty
Package: keyval 1999/03/16 v1.13 key=value parser (DPC)
\KV@toks@=\toks14
)
(/usr/share/texmf-texlive/tex/latex/graphics/graphics.sty
Package: graphics 2009/02/05 v1.0o Standard LaTeX Graphics (DPC,SPQR)

(/usr/share/texmf-texlive/tex/latex/graphics/trig.sty
Package: trig 1999/03/16 v1.09 sin cos tan (DPC)
)
(/etc/texmf/tex/latex/config/graphics.cfg
File: graphics.cfg 2009/08/28 v1.8 graphics configuration of TeX Live
)
Package graphics Info: Driver file: pdftex.def on input line 91.

(/usr/share/texmf-texlive/tex/latex/pdftex-def/pdftex.def
File: pdftex.def 2010/03/12 v0.04p Graphics/color for pdfTeX
\Gread@gobject=\count87
))
\Gin@req@height=\dimen103
\Gin@req@width=\dimen104
)
(/usr/share/texmf-texlive/tex/latex/amsmath/amsmath.sty
Package: amsmath 2000/07/18 v2.13 AMS math features
\@mathmargin=\skip43

For additional information on amsmath, use the `?' option.
(/usr/share/texmf-texlive/tex/latex/amsmath/amstext.sty
Package: amstext 2000/06/29 v2.01

(/usr/share/texmf-texlive/tex/latex/amsmath/amsgen.sty
File: amsgen.sty 1999/11/30 v2.0
\@emptytoks=\toks15
\ex@=\dimen105
))
(/usr/share/texmf-texlive/tex/latex/amsmath/amsbsy.sty
Package: amsbsy 1999/11/29 v1.2d
\pmbraise@=\dimen106
)
(/usr/share/texmf-texlive/tex/latex/amsmath/amsopn.sty
Package: amsopn 1999/12/14 v2.01 operator names
)
\inf@bad=\count88
LaTeX Info: Redefining \frac on input line 211.
\uproot@=\count89
\leftroot@=\count90
LaTeX Info: Redefining \overline on input line 307.
\classnum@=\count91
\DOTSCASE@=\count92
LaTeX Info: Redefining \ldots on input line 379.
LaTeX Info: Redefining \dots on input line 382.
LaTeX Info: Redefining \cdots on input line 467.
\Mathstrutbox@=\box26
\strutbox@=\box27
\big@size=\dimen107
LaTeX Font Info:    Redeclaring font encoding OML on input line 567.
LaTeX Font Info:    Redeclaring font encoding OMS on input line 568.
\macc@depth=\count93
\c@MaxMatrixCols=\count94
\dotsspace@=\muskip10
\c@parentequation=\count95
\dspbrk@lvl=\count96
\tag@help=\toks16
\row@=\count97
\column@=\count98
\maxfields@=\count99
\andhelp@=\toks17
\eqnshift@=\dimen108
\alignsep@=\dimen109
\tagshift@=\dimen110
\tagwidth@=\dimen111
\totwidth@=\dimen112
\lineht@=\dimen113
\@envbody=\toks18
\multlinegap=\skip44
\multlinetaggap=\skip45
\mathdisplay@stack=\toks19
LaTeX Info: Redefining \[ on input line 2666.
LaTeX Info: Redefining \] on input line 2667.
)
(/usr/share/texmf-texlive/tex/latex/base/inputenc.sty
Package: inputenc 2008/03/30 v1.1d Input encoding file
\inpenc@prehook=\toks20
\inpenc@posthook=\toks21

(/usr/share/texmf-texlive/tex/latex/base/latin1.def
File: latin1.def 2008/03/30 v1.1d Input encoding file
))
(/usr/share/texmf-texlive/tex/generic/babel/babel.sty
Package: babel 2008/07/06 v3.8l The Babel package

(/usr/share/texmf-texlive/tex/generic/babel/spanish.ldf
Language: spanish.ldf 2009/01/02 v5.0h Spanish support from the babel system

(/usr/share/texmf-texlive/tex/generic/babel/babel.def
File: babel.def 2008/07/06 v3.8l Babel common definitions
\babel@savecnt=\count100
\U@D=\dimen114
)
\es@datefmt=\count101
\es@quottoks=\toks22
\es@quotdepth=\count102
Package babel Info: Making " an active character on input line 492.
Package babel Info: Making . an active character on input line 585.
Package babel Info: Making < an active character on input line 630.
Package babel Info: Making > an active character on input line 630.
)) (./informe.aux)
\openout1 = `informe.aux'.

LaTeX Font Info:    Checking defaults for OML/cmm/m/it on input line 25.
LaTeX Font Info:    ... okay on input line 25.
LaTeX Font Info:    Checking defaults for T1/cmr/m/n on input line 25.
LaTeX Font Info:    ... okay on input line 25.
LaTeX Font Info:    Checking defaults for OT1/cmr/m/n on input line 25.
LaTeX Font Info:    ... okay on input line 25.
LaTeX Font Info:    Checking defaults for OMS/cmsy/m/n on input line 25.
LaTeX Font Info:    ... okay on input line 25.
LaTeX Font Info:    Checking defaults for OMX/cmex/m/n on input line 25.
LaTeX Font Info:    ... okay on input line 25.
LaTeX Font Info:    Checking defaults for U/cmr/m/n on input line 25.
LaTeX Font Info:    ... okay on input line 25.

(/usr/share/texmf-texlive/tex/context/base/supp-pdf.mkii
[Loading MPS to PDF converter (version 2006.09.02).]
\scratchcounter=\count103
\scratchdimen=\dimen115
\scratchbox=\box28
\nofMPsegments=\count104
\nofMParguments=\count105
\everyMPshowfont=\toks23
\MPscratchCnt=\count106
\MPscratchDim=\dimen116
\MPnumerator=\count107
\everyMPtoPDFconversion=\toks24
) [1

{/var/lib/texmf/fonts/map/pdftex/updmap/pdftex.map}]
Underfull \hbox (badness 10000) in paragraph at lines 46--47

 []


Underfull \hbox (badness 10000) in paragraph at lines 55--69

 []


Underfull \hbox (badness 10000) in paragraph at lines 55--69

 []


Underfull \hbox (badness 10000) in paragraph at lines 55--69

 []


Underfull \hbox (badness 10000) in paragraph at lines 55--69

 []

[2]
LaTeX Font Info:    Try loading font information for U+lasy on input line 70.
 (/usr/share/texmf-texlive/tex/latex/base/ulasy.fd
File: ulasy.fd 1998/08/17 v2.2e LaTeX symbol font definitions
)
Underfull \hbox (badness 10000) in paragraph at lines 70--71

 []


Underfull \hbox (badness 10000) in paragraph at lines 72--73

 []


Underfull \hbox (badness 10000) in paragraph at lines 74--75

 []


Underfull \hbox (badness 10000) in paragraph at lines 76--77

 []


Underfull \hbox (badness 10000) in paragraph at lines 78--79

 []


Underfull \hbox (badness 10000) in paragraph at lines 80--94

 []


Underfull \hbox (badness 10000) in paragraph at lines 80--94

 []


Underfull \hbox (badness 10000) in paragraph at lines 80--94

 []


Underfull \hbox (badness 10000) in paragraph at lines 80--94

 []


Underfull \hbox (badness 10000) in paragraph at lines 80--94

 []


Underfull \hbox (badness 10000) in paragraph at lines 80--94

 []


Underfull \hbox (badness 10000) in paragraph at lines 80--94

 []

[3]
Underfull \hbox (badness 10000) in paragraph at lines 99--101

 []

[4]
Underfull \hbox (badness 10000) in paragraph at lines 117--118

 []

[5]
Underfull \hbox (badness 10000) in paragraph at lines 135--138

 []

<1.png, id=32, 442.65375pt x 154.5775pt>
File: 1.png Graphic file (type png)
 <use 1.png>
<2.png, id=33, 644.4075pt x 156.585pt>
File: 2.png Graphic file (type png)
 <use 2.png>
Overfull \hbox (41.64748pt too wide) in paragraph at lines 144--145
 [] 
 []

<3.png, id=34, 634.37pt x 260.975pt>
File: 3.png Graphic file (type png)
 <use 3.png>
Overfull \hbox (35.62492pt too wide) in paragraph at lines 148--149
 [] 
 []

[6 <./1.png (PNG copy)> <./2.png (PNG copy)> <./3.png (PNG copy)>]
Underfull \hbox (badness 10000) in paragraph at lines 152--153

 []

<4.png, id=38, 644.4075pt x 166.6225pt>
File: 4.png Graphic file (type png)
 <use 4.png>
Overfull \hbox (41.64748pt too wide) in paragraph at lines 154--155
 [] 
 []

[7 <./4.png (PNG copy)>] <sorted.png, id=43, 521.95pt x 507.8975pt>
File: sorted.png Graphic file (type png)

<use sorted.png> <reverted.png, id=44, 509.905pt x 509.905pt>
File: reverted.png Graphic file (type png)

<use reverted.png> [8 <./sorted.png (PNG copy)>]
<random.png, id=48, 630.355pt x 559.08875pt>
File: random.png Graphic file (type png)
 <use random.png> [9 <./reverted.png (PNG copy)> <./random.png (PNG copy)>]
<speedup-time.png, id=52, 368.37625pt x 376.40625pt>
File: speedup-time.png Graphic file (type png)
 <use speedup-time.png>
[10 <./speedup-time.png (PNG copy)>]
Overfull \hbox (100.63959pt too wide) in paragraph at lines 193--201
[][] 
 []


Underfull \hbox (badness 10000) in paragraph at lines 193--201

 []


Underfull \hbox (badness 10000) in paragraph at lines 206--207

 []


Overfull \hbox (111.6952pt too wide) in paragraph at lines 211--220
[][] 
 []


Underfull \hbox (badness 10000) in paragraph at lines 211--220

 []

[11] [12] [13]
Underfull \hbox (badness 10000) in paragraph at lines 252--253
[]\OT1/cmr/m/n/10 Kernighan, Brian W. / Rit-chie, Den-nis M.
 []


Underfull \hbox (badness 1484) in paragraph at lines 252--253
[]$\OT1/cmr/m/n/10 . Se-gun-da Edi-ci^^Son, PRENTICE-HALL
 []


Underfull \hbox (badness 5175) in paragraph at lines 254--255
[]\OT1/cmr/m/n/10 Oetiker, To-bias, "The Not So Short In-tro-duc-tion To La-TeX
2",
 []

[14] (./informe.aux) ) 
Here is how much of TeX's memory you used:
 2245 strings out of 494584
 27168 string characters out of 1171683
 94511 words of memory out of 3000000
 5451 multiletter control sequences out of 15000+50000
 11777 words of font info for 43 fonts, out of 3000000 for 9000
 315 hyphenation exceptions out of 8191
 27i,9n,27p,1172b,270s stack positions out of 5000i,500n,10000p,200000b,50000s
</usr/share/texmf-texlive/fonts/type1/public/amsfonts/cm/
cmbx10.pfb></usr/share/texmf-texlive/fonts/type1/public/amsfonts/cm/cmbx12.pfb>
</usr/share/texmf-texlive/fonts/type1/public/amsfonts/cm/cmbx9.pfb></usr/share/
texmf-texlive/fonts/type1/public/amsfonts/cm/cmbxti10.pfb></usr/share/texmf-tex
live/fonts/type1/public/amsfonts/cm/cmr10.pfb></usr/share/texmf-texlive/fonts/t
ype1/public/amsfonts/cm/cmr12.pfb></usr/share/texmf-texlive/fonts/type1/public/
amsfonts/cm/cmr7.pfb></usr/share/texmf-texlive/fonts/type1/public/amsfonts/cm/c
mr9.pfb></usr/share/texmf-texlive/fonts/type1/public/amsfonts/cm/cmsy10.pfb></u
sr/share/texmf-texlive/fonts/type1/public/amsfonts/cm/cmti10.pfb></usr/share/te
xmf-texlive/fonts/type1/public/amsfonts/cm/cmti12.pfb></usr/share/texmf-texlive
/fonts/type1/public/amsfonts/cm/cmti9.pfb></usr/share/texmf-texlive/fonts/type1
/public/amsfonts/cm/cmtt10.pfb></usr/share/texmf-texlive/fonts/type1/public/ams
fonts/cm/cmtt12.pfb></usr/share/texmf-texlive/fonts/type1/public/amsfonts/latxf
ont/lasy10.pfb>
Output written on informe.pdf (14 pages, 428564 bytes).
PDF statistics:
 116 PDF objects out of 1000 (max. 8388607)
 0 named destinations out of 1000 (max. 500000)
 41 words of extra memory for PDF output out of 10000 (max. 10000000)

